

Microchip MPLAB XC8 Assembler V2.46 build 20240104201356 
                                                                                               Thu May 15 15:43:50 2025

Microchip MPLAB XC8 C Compiler v2.46 (Free license) build 20240104201356 Og1 
     1                           	processor	16F1788
     2                           	pagewidth 120
     3                           	opt	flic
     4                           	psect	idataCOMMON,global,class=CODE,delta=2,noexec
     5                           	psect	cinit,global,class=CODE,merge=1,delta=2
     6                           	psect	dataCOMMON,global,class=COMMON,space=1,delta=1,noexec
     7                           	psect	cstackCOMMON,global,class=COMMON,space=1,delta=1,noexec
     8                           	psect	maintext,global,class=CODE,merge=1,split=1,delta=2
     9                           	psect	text1,local,class=CODE,merge=1,delta=2
    10                           	psect	text2,local,class=CODE,merge=1,delta=2
    11                           	psect	config,global,abs,ovrld,class=CONFIG,space=4,delta=2,noexec
    12                           	dabs	1,0x7E,2
    13     0000                     
    14                           ; Generated 07/09/2023 GMT
    15                           ; 
    16                           ; Copyright © 2023, Microchip Technology Inc. and its subsidiaries ("Microchip")
    17                           ; All rights reserved.
    18                           ; 
    19                           ; This software is developed by Microchip Technology Inc. and its subsidiaries ("Microch
      +                          ip").
    20                           ; 
    21                           ; Redistribution and use in source and binary forms, with or without modification, are
    22                           ; permitted provided that the following conditions are met:
    23                           ; 
    24                           ;     1. Redistributions of source code must retain the above copyright notice, this lis
      +                          t of
    25                           ;        conditions and the following disclaimer.
    26                           ; 
    27                           ;     2. Redistributions in binary form must reproduce the above copyright notice, this 
      +                          list
    28                           ;        of conditions and the following disclaimer in the documentation and/or other
    29                           ;        materials provided with the distribution. Publication is not required when
    30                           ;        this file is used in an embedded application.
    31                           ; 
    32                           ;     3. Microchip's name may not be used to endorse or promote products derived from th
      +                          is
    33                           ;        software without specific prior written permission.
    34                           ; 
    35                           ; THIS SOFTWARE IS PROVIDED BY MICROCHIP "AS IS" AND ANY EXPRESS OR IMPLIED WARRANTIES,
    36                           ; INCLUDING, BUT NOT LIMITED TO, THE IMPLIED WARRANTIES OF MERCHANTABILITY AND FITNESS F
      +                          OR
    37                           ; PURPOSE ARE DISCLAIMED.  IN NO EVENT SHALL MICROCHIP BE LIABLE FOR ANY DIRECT, INDIREC
      +                          T,
    38                           ; INCIDENTAL, SPECIAL, EXEMPLARY, OR CONSEQUENTIAL DAMAGES (INCLUDING BUT NOT LIMITED TO
    39                           ; PROCUREMENT OF SUBSTITUTE GOODS OR SERVICES; LOSS OF USE, DATA OR PROFITS; OR BUSINESS
    40                           ; INTERRUPTION) HOWSOEVER CAUSED AND ON ANY THEORY OF LIABILITY, WHETHER IN CONTRACT, ST
      +                          RICT
    41                           ; LIABILITY, OR TORT (INCLUDING NEGLIGENCE OR OTHERWISE) ARISING IN ANY WAY OUT OF THE U
      +                          SE OF
    42                           ; THIS SOFTWARE, EVEN IF ADVISED OF THE POSSIBILITY OF SUCH DAMAGE.
    43                           ; 
    44                           ; 
    45                           ; Code-generator required, PIC16F1788 Definitions
    46                           ; 
    47                           ; SFR Addresses
    48     0000                     	;# 
    49     0001                     	;# 
    50     0002                     	;# 
    51     0003                     	;# 
    52     0004                     	;# 
    53     0005                     	;# 
    54     0006                     	;# 
    55     0007                     	;# 
    56     0008                     	;# 
    57     0009                     	;# 
    58     000A                     	;# 
    59     000B                     	;# 
    60     000C                     	;# 
    61     000D                     	;# 
    62     000E                     	;# 
    63     0010                     	;# 
    64     0011                     	;# 
    65     0012                     	;# 
    66     0013                     	;# 
    67     0014                     	;# 
    68     0015                     	;# 
    69     0016                     	;# 
    70     0016                     	;# 
    71     0017                     	;# 
    72     0018                     	;# 
    73     0019                     	;# 
    74     001A                     	;# 
    75     001B                     	;# 
    76     001C                     	;# 
    77     008C                     	;# 
    78     008D                     	;# 
    79     008E                     	;# 
    80     0090                     	;# 
    81     0091                     	;# 
    82     0092                     	;# 
    83     0093                     	;# 
    84     0094                     	;# 
    85     0095                     	;# 
    86     0096                     	;# 
    87     0097                     	;# 
    88     0098                     	;# 
    89     0099                     	;# 
    90     009A                     	;# 
    91     009B                     	;# 
    92     009B                     	;# 
    93     009C                     	;# 
    94     009D                     	;# 
    95     009E                     	;# 
    96     009F                     	;# 
    97     010C                     	;# 
    98     010D                     	;# 
    99     010E                     	;# 
   100     0111                     	;# 
   101     0112                     	;# 
   102     0113                     	;# 
   103     0114                     	;# 
   104     0115                     	;# 
   105     0116                     	;# 
   106     0117                     	;# 
   107     0118                     	;# 
   108     0119                     	;# 
   109     011A                     	;# 
   110     011B                     	;# 
   111     011C                     	;# 
   112     011D                     	;# 
   113     011D                     	;# 
   114     011D                     	;# 
   115     011E                     	;# 
   116     011F                     	;# 
   117     018C                     	;# 
   118     018D                     	;# 
   119     018E                     	;# 
   120     0191                     	;# 
   121     0191                     	;# 
   122     0192                     	;# 
   123     0193                     	;# 
   124     0193                     	;# 
   125     0193                     	;# 
   126     0194                     	;# 
   127     0195                     	;# 
   128     0196                     	;# 
   129     0197                     	;# 
   130     0199                     	;# 
   131     0199                     	;# 
   132     0199                     	;# 
   133     019A                     	;# 
   134     019A                     	;# 
   135     019A                     	;# 
   136     019B                     	;# 
   137     019B                     	;# 
   138     019B                     	;# 
   139     019B                     	;# 
   140     019B                     	;# 
   141     019C                     	;# 
   142     019C                     	;# 
   143     019C                     	;# 
   144     019D                     	;# 
   145     019D                     	;# 
   146     019D                     	;# 
   147     019E                     	;# 
   148     019E                     	;# 
   149     019E                     	;# 
   150     019F                     	;# 
   151     019F                     	;# 
   152     019F                     	;# 
   153     019F                     	;# 
   154     019F                     	;# 
   155     020C                     	;# 
   156     020D                     	;# 
   157     020E                     	;# 
   158     0210                     	;# 
   159     0211                     	;# 
   160     0211                     	;# 
   161     0212                     	;# 
   162     0212                     	;# 
   163     0213                     	;# 
   164     0213                     	;# 
   165     0214                     	;# 
   166     0214                     	;# 
   167     0215                     	;# 
   168     0215                     	;# 
   169     0215                     	;# 
   170     0215                     	;# 
   171     0216                     	;# 
   172     0216                     	;# 
   173     0217                     	;# 
   174     0217                     	;# 
   175     028C                     	;# 
   176     028D                     	;# 
   177     028E                     	;# 
   178     0291                     	;# 
   179     0291                     	;# 
   180     0292                     	;# 
   181     0293                     	;# 
   182     0298                     	;# 
   183     0298                     	;# 
   184     0299                     	;# 
   185     029A                     	;# 
   186     030C                     	;# 
   187     030D                     	;# 
   188     030E                     	;# 
   189     0311                     	;# 
   190     0311                     	;# 
   191     0312                     	;# 
   192     0313                     	;# 
   193     038C                     	;# 
   194     038D                     	;# 
   195     038E                     	;# 
   196     0390                     	;# 
   197     0391                     	;# 
   198     0392                     	;# 
   199     0393                     	;# 
   200     0394                     	;# 
   201     0395                     	;# 
   202     0396                     	;# 
   203     0397                     	;# 
   204     0398                     	;# 
   205     0399                     	;# 
   206     039D                     	;# 
   207     039E                     	;# 
   208     039F                     	;# 
   209     0511                     	;# 
   210     0513                     	;# 
   211     051A                     	;# 
   212     0591                     	;# 
   213     0592                     	;# 
   214     0592                     	;# 
   215     0593                     	;# 
   216     0594                     	;# 
   217     0594                     	;# 
   218     0595                     	;# 
   219     0596                     	;# 
   220     0596                     	;# 
   221     0E91                     	;# 
   222     0E92                     	;# 
   223     0E93                     	;# 
   224     0E94                     	;# 
   225     0E95                     	;# 
   226     0E96                     	;# 
   227     0E97                     	;# 
   228     0E98                     	;# 
   229     0E99                     	;# 
   230     0E9A                     	;# 
   231     0E9B                     	;# 
   232     0E9C                     	;# 
   233     0E9D                     	;# 
   234     0E9E                     	;# 
   235     0E9F                     	;# 
   236     0EA0                     	;# 
   237     0EA1                     	;# 
   238     0EA1                     	;# 
   239     0EA2                     	;# 
   240     0EA3                     	;# 
   241     0EA3                     	;# 
   242     0EA4                     	;# 
   243     0EA5                     	;# 
   244     0EA5                     	;# 
   245     0EA6                     	;# 
   246     0EA7                     	;# 
   247     0EA7                     	;# 
   248     0EA8                     	;# 
   249     0EA9                     	;# 
   250     0EAA                     	;# 
   251     0EAB                     	;# 
   252     0EAC                     	;# 
   253     0EAD                     	;# 
   254     0EAE                     	;# 
   255     0EAF                     	;# 
   256     0EB1                     	;# 
   257     0EB2                     	;# 
   258     0EB3                     	;# 
   259     0EB4                     	;# 
   260     0EB5                     	;# 
   261     0EB6                     	;# 
   262     0EB7                     	;# 
   263     0EB8                     	;# 
   264     0EB9                     	;# 
   265     0EBA                     	;# 
   266     0EBB                     	;# 
   267     0EBC                     	;# 
   268     0EBD                     	;# 
   269     0EBE                     	;# 
   270     0EBF                     	;# 
   271     0EC0                     	;# 
   272     0EC1                     	;# 
   273     0EC1                     	;# 
   274     0EC2                     	;# 
   275     0EC3                     	;# 
   276     0EC3                     	;# 
   277     0EC4                     	;# 
   278     0EC5                     	;# 
   279     0EC5                     	;# 
   280     0EC6                     	;# 
   281     0EC7                     	;# 
   282     0EC7                     	;# 
   283     0EC8                     	;# 
   284     0EC9                     	;# 
   285     0ECA                     	;# 
   286     0ECB                     	;# 
   287     0ECC                     	;# 
   288     0ECD                     	;# 
   289     0ECE                     	;# 
   290     0ECF                     	;# 
   291     0ED1                     	;# 
   292     0ED2                     	;# 
   293     0ED3                     	;# 
   294     0ED4                     	;# 
   295     0ED5                     	;# 
   296     0ED6                     	;# 
   297     0ED7                     	;# 
   298     0ED8                     	;# 
   299     0ED9                     	;# 
   300     0EDA                     	;# 
   301     0EDB                     	;# 
   302     0EDC                     	;# 
   303     0EDD                     	;# 
   304     0EDE                     	;# 
   305     0EDF                     	;# 
   306     0EE0                     	;# 
   307     0EE1                     	;# 
   308     0EE1                     	;# 
   309     0EE2                     	;# 
   310     0EE3                     	;# 
   311     0EE3                     	;# 
   312     0EE4                     	;# 
   313     0EE5                     	;# 
   314     0EE5                     	;# 
   315     0EE6                     	;# 
   316     0EE7                     	;# 
   317     0EE7                     	;# 
   318     0EE8                     	;# 
   319     0EE9                     	;# 
   320     0EEA                     	;# 
   321     0EEB                     	;# 
   322     0EEC                     	;# 
   323     0EED                     	;# 
   324     0EEE                     	;# 
   325     0EEF                     	;# 
   326     0F11                     	;# 
   327     0F12                     	;# 
   328     0F13                     	;# 
   329     0F14                     	;# 
   330     0F15                     	;# 
   331     0F16                     	;# 
   332     0F17                     	;# 
   333     0F18                     	;# 
   334     0F19                     	;# 
   335     0F1A                     	;# 
   336     0F1B                     	;# 
   337     0F1C                     	;# 
   338     0F1D                     	;# 
   339     0F1E                     	;# 
   340     0F1F                     	;# 
   341     0F20                     	;# 
   342     0F21                     	;# 
   343     0F21                     	;# 
   344     0F22                     	;# 
   345     0F23                     	;# 
   346     0F23                     	;# 
   347     0F24                     	;# 
   348     0F25                     	;# 
   349     0F25                     	;# 
   350     0F26                     	;# 
   351     0F27                     	;# 
   352     0F27                     	;# 
   353     0F28                     	;# 
   354     0F29                     	;# 
   355     0F2A                     	;# 
   356     0F2B                     	;# 
   357     0F2C                     	;# 
   358     0F2D                     	;# 
   359     0F2E                     	;# 
   360     0F2F                     	;# 
   361     0FE4                     	;# 
   362     0FE5                     	;# 
   363     0FE6                     	;# 
   364     0FE7                     	;# 
   365     0FE8                     	;# 
   366     0FE9                     	;# 
   367     0FEA                     	;# 
   368     0FEB                     	;# 
   369     0FED                     	;# 
   370     0FEE                     	;# 
   371     0FEF                     	;# 
   372     0000                     	;# 
   373     0001                     	;# 
   374     0002                     	;# 
   375     0003                     	;# 
   376     0004                     	;# 
   377     0005                     	;# 
   378     0006                     	;# 
   379     0007                     	;# 
   380     0008                     	;# 
   381     0009                     	;# 
   382     000A                     	;# 
   383     000B                     	;# 
   384     000C                     	;# 
   385     000D                     	;# 
   386     000E                     	;# 
   387     0010                     	;# 
   388     0011                     	;# 
   389     0012                     	;# 
   390     0013                     	;# 
   391     0014                     	;# 
   392     0015                     	;# 
   393     0016                     	;# 
   394     0016                     	;# 
   395     0017                     	;# 
   396     0018                     	;# 
   397     0019                     	;# 
   398     001A                     	;# 
   399     001B                     	;# 
   400     001C                     	;# 
   401     008C                     	;# 
   402     008D                     	;# 
   403     008E                     	;# 
   404     0090                     	;# 
   405     0091                     	;# 
   406     0092                     	;# 
   407     0093                     	;# 
   408     0094                     	;# 
   409     0095                     	;# 
   410     0096                     	;# 
   411     0097                     	;# 
   412     0098                     	;# 
   413     0099                     	;# 
   414     009A                     	;# 
   415     009B                     	;# 
   416     009B                     	;# 
   417     009C                     	;# 
   418     009D                     	;# 
   419     009E                     	;# 
   420     009F                     	;# 
   421     010C                     	;# 
   422     010D                     	;# 
   423     010E                     	;# 
   424     0111                     	;# 
   425     0112                     	;# 
   426     0113                     	;# 
   427     0114                     	;# 
   428     0115                     	;# 
   429     0116                     	;# 
   430     0117                     	;# 
   431     0118                     	;# 
   432     0119                     	;# 
   433     011A                     	;# 
   434     011B                     	;# 
   435     011C                     	;# 
   436     011D                     	;# 
   437     011D                     	;# 
   438     011D                     	;# 
   439     011E                     	;# 
   440     011F                     	;# 
   441     018C                     	;# 
   442     018D                     	;# 
   443     018E                     	;# 
   444     0191                     	;# 
   445     0191                     	;# 
   446     0192                     	;# 
   447     0193                     	;# 
   448     0193                     	;# 
   449     0193                     	;# 
   450     0194                     	;# 
   451     0195                     	;# 
   452     0196                     	;# 
   453     0197                     	;# 
   454     0199                     	;# 
   455     0199                     	;# 
   456     0199                     	;# 
   457     019A                     	;# 
   458     019A                     	;# 
   459     019A                     	;# 
   460     019B                     	;# 
   461     019B                     	;# 
   462     019B                     	;# 
   463     019B                     	;# 
   464     019B                     	;# 
   465     019C                     	;# 
   466     019C                     	;# 
   467     019C                     	;# 
   468     019D                     	;# 
   469     019D                     	;# 
   470     019D                     	;# 
   471     019E                     	;# 
   472     019E                     	;# 
   473     019E                     	;# 
   474     019F                     	;# 
   475     019F                     	;# 
   476     019F                     	;# 
   477     019F                     	;# 
   478     019F                     	;# 
   479     020C                     	;# 
   480     020D                     	;# 
   481     020E                     	;# 
   482     0210                     	;# 
   483     0211                     	;# 
   484     0211                     	;# 
   485     0212                     	;# 
   486     0212                     	;# 
   487     0213                     	;# 
   488     0213                     	;# 
   489     0214                     	;# 
   490     0214                     	;# 
   491     0215                     	;# 
   492     0215                     	;# 
   493     0215                     	;# 
   494     0215                     	;# 
   495     0216                     	;# 
   496     0216                     	;# 
   497     0217                     	;# 
   498     0217                     	;# 
   499     028C                     	;# 
   500     028D                     	;# 
   501     028E                     	;# 
   502     0291                     	;# 
   503     0291                     	;# 
   504     0292                     	;# 
   505     0293                     	;# 
   506     0298                     	;# 
   507     0298                     	;# 
   508     0299                     	;# 
   509     029A                     	;# 
   510     030C                     	;# 
   511     030D                     	;# 
   512     030E                     	;# 
   513     0311                     	;# 
   514     0311                     	;# 
   515     0312                     	;# 
   516     0313                     	;# 
   517     038C                     	;# 
   518     038D                     	;# 
   519     038E                     	;# 
   520     0390                     	;# 
   521     0391                     	;# 
   522     0392                     	;# 
   523     0393                     	;# 
   524     0394                     	;# 
   525     0395                     	;# 
   526     0396                     	;# 
   527     0397                     	;# 
   528     0398                     	;# 
   529     0399                     	;# 
   530     039D                     	;# 
   531     039E                     	;# 
   532     039F                     	;# 
   533     0511                     	;# 
   534     0513                     	;# 
   535     051A                     	;# 
   536     0591                     	;# 
   537     0592                     	;# 
   538     0592                     	;# 
   539     0593                     	;# 
   540     0594                     	;# 
   541     0594                     	;# 
   542     0595                     	;# 
   543     0596                     	;# 
   544     0596                     	;# 
   545     0E91                     	;# 
   546     0E92                     	;# 
   547     0E93                     	;# 
   548     0E94                     	;# 
   549     0E95                     	;# 
   550     0E96                     	;# 
   551     0E97                     	;# 
   552     0E98                     	;# 
   553     0E99                     	;# 
   554     0E9A                     	;# 
   555     0E9B                     	;# 
   556     0E9C                     	;# 
   557     0E9D                     	;# 
   558     0E9E                     	;# 
   559     0E9F                     	;# 
   560     0EA0                     	;# 
   561     0EA1                     	;# 
   562     0EA1                     	;# 
   563     0EA2                     	;# 
   564     0EA3                     	;# 
   565     0EA3                     	;# 
   566     0EA4                     	;# 
   567     0EA5                     	;# 
   568     0EA5                     	;# 
   569     0EA6                     	;# 
   570     0EA7                     	;# 
   571     0EA7                     	;# 
   572     0EA8                     	;# 
   573     0EA9                     	;# 
   574     0EAA                     	;# 
   575     0EAB                     	;# 
   576     0EAC                     	;# 
   577     0EAD                     	;# 
   578     0EAE                     	;# 
   579     0EAF                     	;# 
   580     0EB1                     	;# 
   581     0EB2                     	;# 
   582     0EB3                     	;# 
   583     0EB4                     	;# 
   584     0EB5                     	;# 
   585     0EB6                     	;# 
   586     0EB7                     	;# 
   587     0EB8                     	;# 
   588     0EB9                     	;# 
   589     0EBA                     	;# 
   590     0EBB                     	;# 
   591     0EBC                     	;# 
   592     0EBD                     	;# 
   593     0EBE                     	;# 
   594     0EBF                     	;# 
   595     0EC0                     	;# 
   596     0EC1                     	;# 
   597     0EC1                     	;# 
   598     0EC2                     	;# 
   599     0EC3                     	;# 
   600     0EC3                     	;# 
   601     0EC4                     	;# 
   602     0EC5                     	;# 
   603     0EC5                     	;# 
   604     0EC6                     	;# 
   605     0EC7                     	;# 
   606     0EC7                     	;# 
   607     0EC8                     	;# 
   608     0EC9                     	;# 
   609     0ECA                     	;# 
   610     0ECB                     	;# 
   611     0ECC                     	;# 
   612     0ECD                     	;# 
   613     0ECE                     	;# 
   614     0ECF                     	;# 
   615     0ED1                     	;# 
   616     0ED2                     	;# 
   617     0ED3                     	;# 
   618     0ED4                     	;# 
   619     0ED5                     	;# 
   620     0ED6                     	;# 
   621     0ED7                     	;# 
   622     0ED8                     	;# 
   623     0ED9                     	;# 
   624     0EDA                     	;# 
   625     0EDB                     	;# 
   626     0EDC                     	;# 
   627     0EDD                     	;# 
   628     0EDE                     	;# 
   629     0EDF                     	;# 
   630     0EE0                     	;# 
   631     0EE1                     	;# 
   632     0EE1                     	;# 
   633     0EE2                     	;# 
   634     0EE3                     	;# 
   635     0EE3                     	;# 
   636     0EE4                     	;# 
   637     0EE5                     	;# 
   638     0EE5                     	;# 
   639     0EE6                     	;# 
   640     0EE7                     	;# 
   641     0EE7                     	;# 
   642     0EE8                     	;# 
   643     0EE9                     	;# 
   644     0EEA                     	;# 
   645     0EEB                     	;# 
   646     0EEC                     	;# 
   647     0EED                     	;# 
   648     0EEE                     	;# 
   649     0EEF                     	;# 
   650     0F11                     	;# 
   651     0F12                     	;# 
   652     0F13                     	;# 
   653     0F14                     	;# 
   654     0F15                     	;# 
   655     0F16                     	;# 
   656     0F17                     	;# 
   657     0F18                     	;# 
   658     0F19                     	;# 
   659     0F1A                     	;# 
   660     0F1B                     	;# 
   661     0F1C                     	;# 
   662     0F1D                     	;# 
   663     0F1E                     	;# 
   664     0F1F                     	;# 
   665     0F20                     	;# 
   666     0F21                     	;# 
   667     0F21                     	;# 
   668     0F22                     	;# 
   669     0F23                     	;# 
   670     0F23                     	;# 
   671     0F24                     	;# 
   672     0F25                     	;# 
   673     0F25                     	;# 
   674     0F26                     	;# 
   675     0F27                     	;# 
   676     0F27                     	;# 
   677     0F28                     	;# 
   678     0F29                     	;# 
   679     0F2A                     	;# 
   680     0F2B                     	;# 
   681     0F2C                     	;# 
   682     0F2D                     	;# 
   683     0F2E                     	;# 
   684     0F2F                     	;# 
   685     0FE4                     	;# 
   686     0FE5                     	;# 
   687     0FE6                     	;# 
   688     0FE7                     	;# 
   689     0FE8                     	;# 
   690     0FE9                     	;# 
   691     0FEA                     	;# 
   692     0FEB                     	;# 
   693     0FED                     	;# 
   694     0FEE                     	;# 
   695     0FEF                     	;# 
   696                           
   697                           	psect	idataCOMMON
   698     07AB                     __pidataCOMMON:
   699                           
   700                           ;initializer for _lfsr
   701     07AB  34AC               	retlw	172
   702     008E                     _TRISC	set	142
   703     008D                     _TRISB	set	141
   704     008C                     _TRISA	set	140
   705     0099                     _OSCCON	set	153
   706     010E                     _LATC	set	270
   707     010D                     _LATB	set	269
   708     010C                     _LATA	set	268
   709     010C                     _LATAbits	set	268
   710     018E                     _ANSELC	set	398
   711     018D                     _ANSELB	set	397
   712     018C                     _ANSELA	set	396
   713                           
   714                           	psect	cinit
   715     07F9                     start_initialization:	
   716                           ; #config settings
   717                           
   718     07F9                     __initialization:
   719                           
   720                           ; Initialize objects allocated to COMMON
   721     07F9  3187  27AB  3187   	fcall	__pidataCOMMON	;fetch initializer
   722     07FC  00F7               	movwf	__pdataCOMMON& (0+127)
   723     07FD                     end_of_initialization:	
   724                           ;End of C runtime variable initialization code
   725                           
   726     07FD                     __end_of__initialization:
   727     07FD  0020               	movlb	0
   728     07FE  3187  2FBD         	ljmp	_main	;jump to C main() function
   729                           
   730                           	psect	dataCOMMON
   731     0077                     __pdataCOMMON:
   732     0077                     _lfsr:
   733     0077                     	ds	1
   734                           
   735                           	psect	cstackCOMMON
   736     0070                     __pcstackCOMMON:
   737     0070                     ?_InitPic:
   738     0070                     ??_InitPic:	
   739                           ; 1 bytes @ 0x0
   740                           
   741     0070                     ?_lfsr_next:	
   742                           ; 1 bytes @ 0x0
   743                           
   744     0070                     ??_lfsr_next:	
   745                           ; 1 bytes @ 0x0
   746                           
   747     0070                     ?_main:	
   748                           ; 1 bytes @ 0x0
   749                           
   750                           
   751                           ; 1 bytes @ 0x0
   752     0070                     	ds	4
   753     0074                     lfsr_next@bit:
   754                           
   755                           ; 1 bytes @ 0x4
   756     0074                     	ds	1
   757     0075                     ??_main:
   758                           
   759                           ; 1 bytes @ 0x5
   760     0075                     	ds	1
   761     0076                     main@out:
   762                           
   763                           ; 1 bytes @ 0x6
   764     0076                     	ds	1
   765                           
   766                           	psect	maintext
   767     07BD                     __pmaintext:	
   768 ;;
   769 ;;Main: autosize = 0, tempsize = 1, incstack = 0, save=0
   770 ;;
   771 ;; *************** function _main *****************
   772 ;; Defined at:
   773 ;;		line 37 in file "test_capteur.c"
   774 ;; Parameters:    Size  Location     Type
   775 ;;		None
   776 ;; Auto vars:     Size  Location     Type
   777 ;;  out             1    6[COMMON] unsigned char 
   778 ;; Return value:  Size  Location     Type
   779 ;;                  1    wreg      void 
   780 ;; Registers used:
   781 ;;		wreg, status,2, status,0, pclath, cstack
   782 ;; Tracked objects:
   783 ;;		On entry : B1F/0
   784 ;;		On exit  : 0/0
   785 ;;		Unchanged: 0/0
   786 ;; Data sizes:     COMMON   BANK0   BANK1   BANK2   BANK3   BANK4   BANK5   BANK6   BANK7   BANK8   BANK9  BANK10  BANK1
      +1  BANK12  BANK13  BANK14  BANK15  BANK16  BANK17  BANK18  BANK19  BANK20  BANK21  BANK22  BANK23  BANK24  BANK25
   787 ;;      Params:         0       0       0       0       0       0       0       0       0       0       0       0       
      +0       0       0       0       0       0       0       0       0       0       0       0       0       0       0
   788 ;;      Locals:         1       0       0       0       0       0       0       0       0       0       0       0       
      +0       0       0       0       0       0       0       0       0       0       0       0       0       0       0
   789 ;;      Temps:          1       0       0       0       0       0       0       0       0       0       0       0       
      +0       0       0       0       0       0       0       0       0       0       0       0       0       0       0
   790 ;;      Totals:         2       0       0       0       0       0       0       0       0       0       0       0       
      +0       0       0       0       0       0       0       0       0       0       0       0       0       0       0
   791 ;;Total ram usage:        2 bytes
   792 ;; Hardware stack levels required when called: 1
   793 ;; This function calls:
   794 ;;		_InitPic
   795 ;;		_lfsr_next
   796 ;; This function is called by:
   797 ;;		Startup code after reset
   798 ;; This function uses a non-reentrant model
   799 ;;
   800                           
   801     07BD                     _main:	
   802                           ;psect for function _main
   803                           
   804     07BD                     l676:	
   805                           ;incstack = 0
   806                           ; Regs used in _main: [wreg+status,2+status,0+pclath+cstack]
   807                           
   808                           
   809                           ;test_capteur.c: 40:     InitPic();
   810     07BD  3187  27AC  3187   	fcall	_InitPic
   811     07C0                     l35:	
   812                           ;test_capteur.c: 42:     while (1)
   813                           
   814                           
   815                           ;test_capteur.c: 43:     {;test_capteur.c: 44:         uint8_t out = lfsr_next();
   816     07C0  3187  27D5  3187   	fcall	_lfsr_next
   817     07C3  00F6               	movwf	main@out
   818     07C4                     l678:
   819                           
   820                           ;test_capteur.c: 45:         LATAbits.LATA0 = out;
   821     07C4  0C76               	rrf	main@out,w
   822     07C5  0022               	movlb	2	; select bank2
   823     07C6  1C03               	skipc
   824     07C7  100C               	bcf	12,0	;volatile
   825     07C8  1803               	skipnc
   826     07C9  140C               	bsf	12,0	;volatile
   827     07CA                     l680:
   828                           
   829                           ;test_capteur.c: 46:         _delay((unsigned long)((50)*(4000000UL/4000.0)));
   830     07CA  3041               	movlw	65
   831     07CB  00F5               	movwf	??_main
   832     07CC  30EE               	movlw	238
   833     07CD                     u57:
   834     07CD  0B89               	decfsz	9,f
   835     07CE  2FCD               	goto	u57
   836     07CF  0BF5               	decfsz	??_main,f
   837     07D0  2FCD               	goto	u57
   838     07D1  3200               	nop2
   839     07D2  2FC0               	goto	l35
   840     07D3  3180  2802         	ljmp	start
   841     07D5                     __end_of_main:
   842                           
   843                           	psect	text1
   844     07D5                     __ptext1:	
   845 ;; *************** function _lfsr_next *****************
   846 ;; Defined at:
   847 ;;		line 59 in file "test_capteur.c"
   848 ;; Parameters:    Size  Location     Type
   849 ;;		None
   850 ;; Auto vars:     Size  Location     Type
   851 ;;  bit             1    4[COMMON] unsigned char 
   852 ;; Return value:  Size  Location     Type
   853 ;;                  1    wreg      unsigned char 
   854 ;; Registers used:
   855 ;;		wreg, status,2, status,0
   856 ;; Tracked objects:
   857 ;;		On entry : 0/0
   858 ;;		On exit  : 0/0
   859 ;;		Unchanged: 0/0
   860 ;; Data sizes:     COMMON   BANK0   BANK1   BANK2   BANK3   BANK4   BANK5   BANK6   BANK7   BANK8   BANK9  BANK10  BANK1
      +1  BANK12  BANK13  BANK14  BANK15  BANK16  BANK17  BANK18  BANK19  BANK20  BANK21  BANK22  BANK23  BANK24  BANK25
   861 ;;      Params:         0       0       0       0       0       0       0       0       0       0       0       0       
      +0       0       0       0       0       0       0       0       0       0       0       0       0       0       0
   862 ;;      Locals:         1       0       0       0       0       0       0       0       0       0       0       0       
      +0       0       0       0       0       0       0       0       0       0       0       0       0       0       0
   863 ;;      Temps:          4       0       0       0       0       0       0       0       0       0       0       0       
      +0       0       0       0       0       0       0       0       0       0       0       0       0       0       0
   864 ;;      Totals:         5       0       0       0       0       0       0       0       0       0       0       0       
      +0       0       0       0       0       0       0       0       0       0       0       0       0       0       0
   865 ;;Total ram usage:        5 bytes
   866 ;; Hardware stack levels used: 1
   867 ;; This function calls:
   868 ;;		Nothing
   869 ;; This function is called by:
   870 ;;		_main
   871 ;; This function uses a non-reentrant model
   872 ;;
   873                           
   874     07D5                     _lfsr_next:	
   875                           ;psect for function _lfsr_next
   876                           
   877     07D5                     l670:	
   878                           ;incstack = 0
   879                           ; Regs used in _lfsr_next: [wreg+status,2+status,0]
   880                           
   881                           
   882                           ;test_capteur.c: 61:     uint8_t bit = ((lfsr >> 7) ^ (lfsr >> 5) ^ (lfsr >> 4) ^ (lfsr 
      +                          >> 3)) & 1;
   883     07D5  0877               	movf	_lfsr,w
   884     07D6  00F0               	movwf	??_lfsr_next
   885     07D7  3003               	movlw	3
   886     07D8                     u15:
   887     07D8  36F0               	lsrf	??_lfsr_next,f
   888     07D9  0B89               	decfsz	9,f
   889     07DA  2FD8               	goto	u15
   890     07DB  0877               	movf	_lfsr,w
   891     07DC  00F1               	movwf	??_lfsr_next+1
   892     07DD  3004               	movlw	4
   893     07DE                     u25:
   894     07DE  36F1               	lsrf	??_lfsr_next+1,f
   895     07DF  0B89               	decfsz	9,f
   896     07E0  2FDE               	goto	u25
   897     07E1  0877               	movf	_lfsr,w
   898     07E2  00F2               	movwf	??_lfsr_next+2
   899     07E3  3005               	movlw	5
   900     07E4                     u35:
   901     07E4  36F2               	lsrf	??_lfsr_next+2,f
   902     07E5  0B89               	decfsz	9,f
   903     07E6  2FE4               	goto	u35
   904     07E7  0877               	movf	_lfsr,w
   905     07E8  00F3               	movwf	??_lfsr_next+3
   906     07E9  3007               	movlw	7
   907     07EA                     u45:
   908     07EA  36F3               	lsrf	??_lfsr_next+3,f
   909     07EB  0B89               	decfsz	9,f
   910     07EC  2FEA               	goto	u45
   911     07ED  0873               	movf	??_lfsr_next+3,w
   912     07EE  0672               	xorwf	??_lfsr_next+2,w
   913     07EF  0671               	xorwf	??_lfsr_next+1,w
   914     07F0  0670               	xorwf	??_lfsr_next,w
   915     07F1  3901               	andlw	1
   916     07F2  00F4               	movwf	lfsr_next@bit
   917                           
   918                           ;test_capteur.c: 62:     lfsr = (lfsr << 1) | bit;
   919     07F3  3577               	lslf	_lfsr,w
   920     07F4  0474               	iorwf	lfsr_next@bit,w
   921     07F5  00F7               	movwf	_lfsr
   922     07F6                     l672:
   923                           
   924                           ;test_capteur.c: 63:     return lfsr & 1;
   925     07F6  0877               	movf	_lfsr,w
   926     07F7  3901               	andlw	1
   927     07F8                     l41:
   928     07F8  0008               	return
   929     07F9                     __end_of_lfsr_next:
   930                           
   931                           	psect	text2
   932     07AC                     __ptext2:	
   933 ;; *************** function _InitPic *****************
   934 ;; Defined at:
   935 ;;		line 73 in file "test_capteur.c"
   936 ;; Parameters:    Size  Location     Type
   937 ;;		None
   938 ;; Auto vars:     Size  Location     Type
   939 ;;		None
   940 ;; Return value:  Size  Location     Type
   941 ;;                  1    wreg      void 
   942 ;; Registers used:
   943 ;;		wreg, status,2
   944 ;; Tracked objects:
   945 ;;		On entry : 0/0
   946 ;;		On exit  : 0/0
   947 ;;		Unchanged: 0/0
   948 ;; Data sizes:     COMMON   BANK0   BANK1   BANK2   BANK3   BANK4   BANK5   BANK6   BANK7   BANK8   BANK9  BANK10  BANK1
      +1  BANK12  BANK13  BANK14  BANK15  BANK16  BANK17  BANK18  BANK19  BANK20  BANK21  BANK22  BANK23  BANK24  BANK25
   949 ;;      Params:         0       0       0       0       0       0       0       0       0       0       0       0       
      +0       0       0       0       0       0       0       0       0       0       0       0       0       0       0
   950 ;;      Locals:         0       0       0       0       0       0       0       0       0       0       0       0       
      +0       0       0       0       0       0       0       0       0       0       0       0       0       0       0
   951 ;;      Temps:          0       0       0       0       0       0       0       0       0       0       0       0       
      +0       0       0       0       0       0       0       0       0       0       0       0       0       0       0
   952 ;;      Totals:         0       0       0       0       0       0       0       0       0       0       0       0       
      +0       0       0       0       0       0       0       0       0       0       0       0       0       0       0
   953 ;;Total ram usage:        0 bytes
   954 ;; Hardware stack levels used: 1
   955 ;; This function calls:
   956 ;;		Nothing
   957 ;; This function is called by:
   958 ;;		_main
   959 ;; This function uses a non-reentrant model
   960 ;;
   961                           
   962     07AC                     _InitPic:	
   963                           ;psect for function _InitPic
   964                           
   965     07AC                     l652:	
   966                           ;incstack = 0
   967                           ; Regs used in _InitPic: [wreg+status,2]
   968                           
   969                           
   970                           ;test_capteur.c: 81:     OSCCON = 0b01101010;
   971     07AC  306A               	movlw	106
   972     07AD  0021               	movlb	1	; select bank1
   973     07AE  0099               	movwf	25	;volatile
   974     07AF                     l654:
   975                           
   976                           ;test_capteur.c: 86:     ANSELA = 0;
   977     07AF  0023               	movlb	3	; select bank3
   978     07B0  018C               	clrf	12	;volatile
   979     07B1                     l656:
   980                           
   981                           ;test_capteur.c: 87:     ANSELB = 0;
   982     07B1  018D               	clrf	13	;volatile
   983     07B2                     l658:
   984                           
   985                           ;test_capteur.c: 88:     ANSELC = 0;
   986     07B2  018E               	clrf	14	;volatile
   987     07B3                     l660:
   988                           
   989                           ;test_capteur.c: 91:     LATA = 0b00000000;
   990     07B3  0022               	movlb	2	; select bank2
   991     07B4  018C               	clrf	12	;volatile
   992     07B5                     l662:
   993                           
   994                           ;test_capteur.c: 92:     LATB = 0b00000000;
   995     07B5  018D               	clrf	13	;volatile
   996     07B6                     l664:
   997                           
   998                           ;test_capteur.c: 93:     LATC = 0b00000000;
   999     07B6  018E               	clrf	14	;volatile
  1000                           
  1001                           ;test_capteur.c: 96:     TRISA = 0b00000100;
  1002     07B7  3004               	movlw	4
  1003     07B8  0021               	movlb	1	; select bank1
  1004     07B9  008C               	movwf	12	;volatile
  1005     07BA                     l666:
  1006                           
  1007                           ;test_capteur.c: 97:     TRISB = 0b00000000;
  1008     07BA  018D               	clrf	13	;volatile
  1009     07BB                     l668:
  1010                           
  1011                           ;test_capteur.c: 98:     TRISC = 0b00000000;
  1012     07BB  018E               	clrf	14	;volatile
  1013     07BC                     l44:
  1014     07BC  0008               	return
  1015     07BD                     __end_of_InitPic:
  1016     007E                     btemp	set	126	;btemp
  1017     007E                     wtemp0	set	126
  1018                           
  1019                           	psect	config
  1020                           
  1021                           ;Config register CONFIG1 @ 0x8007
  1022                           ;	Oscillator Selection
  1023                           ;	FOSC = INTOSC, INTOSC oscillator: I/O function on CLKIN pin
  1024                           ;	Watchdog Timer Enable
  1025                           ;	WDTE = OFF, WDT disabled
  1026                           ;	Power-up Timer Enable
  1027                           ;	PWRTE = OFF, PWRT disabled
  1028                           ;	MCLR Pin Function Select
  1029                           ;	MCLRE = ON, MCLR/VPP pin function is MCLR
  1030                           ;	Flash Program Memory Code Protection
  1031                           ;	CP = OFF, Program memory code protection is disabled
  1032                           ;	Data Memory Code Protection
  1033                           ;	CPD = 0x1, unprogrammed default
  1034                           ;	Brown-out Reset Enable
  1035                           ;	BOREN = ON, Brown-out Reset enabled
  1036                           ;	Clock Out Enable
  1037                           ;	CLKOUTEN = OFF, CLKOUT function is disabled. I/O or oscillator function on the CLKOUT 
      +                          pin
  1038                           ;	Internal/External Switchover
  1039                           ;	IESO = 0x1, unprogrammed default
  1040                           ;	Fail-Safe Clock Monitor Enable
  1041                           ;	FCMEN = 0x1, unprogrammed default
  1042     8007                     	org	32775
  1043     8007  3FE4               	dw	16356
  1044                           
  1045                           ;Config register CONFIG2 @ 0x8008
  1046                           ;	Flash Memory Self-Write Protection
  1047                           ;	WRT = 0x3, unprogrammed default
  1048                           ;	Voltage Regulator Capacitor Enable bit
  1049                           ;	VCAPEN = 0x1, unprogrammed default
  1050                           ;	PLL Enable
  1051                           ;	PLLEN = 0x1, unprogrammed default
  1052                           ;	Stack Overflow/Underflow Reset Enable
  1053                           ;	STVREN = 0x1, unprogrammed default
  1054                           ;	Brown-out Reset Voltage Selection
  1055                           ;	BORV = 0x1, unprogrammed default
  1056                           ;	Low Power Brown-Out Reset Enable Bit
  1057                           ;	LPBOR = 0x1, unprogrammed default
  1058                           ;	In-Circuit Debugger Mode
  1059                           ;	DEBUG = 0x1, unprogrammed default
  1060                           ;	Low-Voltage Programming Enable
  1061                           ;	LVP = OFF, High-voltage on MCLR/VPP must be used for programming
  1062     8008                     	org	32776
  1063     8008  1FFF               	dw	8191

Data Sizes:
    Strings     0
    Constant    0
    Data        1
    BSS         0
    Persistent  32
    Stack       0

Auto Spaces:
    Space          Size  Autos    Used
    COMMON           14      7       8
    BANK0            80      0       0
    BANK1            80      0       0
    BANK2            80      0       0
    BANK3            80      0       0
    BANK4            80      0       0
    BANK5            80      0       0
    BANK6            80      0       0
    BANK7            80      0       0
    BANK8            80      0       0
    BANK9            80      0       0
    BANK10           80      0       0
    BANK11           80      0       0
    BANK12           80      0       0
    BANK13           80      0       0
    BANK14           80      0       0
    BANK15           80      0       0
    BANK16           80      0       0
    BANK17           80      0       0
    BANK18           80      0       0
    BANK19           80      0       0
    BANK20           80      0       0
    BANK21           80      0       0
    BANK22           80      0       0
    BANK23           80      0       0
    BANK24           80      0       0
    BANK25           32      0       0

Pointer List with Targets:

    None.

Critical Paths under _main in COMMON

    _main->_lfsr_next

Critical Paths under _main in BANK0

    None.

Critical Paths under _main in BANK1

    None.

Critical Paths under _main in BANK2

    None.

Critical Paths under _main in BANK3

    None.

Critical Paths under _main in BANK4

    None.

Critical Paths under _main in BANK5

    None.

Critical Paths under _main in BANK6

    None.

Critical Paths under _main in BANK7

    None.

Critical Paths under _main in BANK8

    None.

Critical Paths under _main in BANK9

    None.

Critical Paths under _main in BANK10

    None.

Critical Paths under _main in BANK11

    None.

Critical Paths under _main in BANK12

    None.

Critical Paths under _main in BANK13

    None.

Critical Paths under _main in BANK14

    None.

Critical Paths under _main in BANK15

    None.

Critical Paths under _main in BANK16

    None.

Critical Paths under _main in BANK17

    None.

Critical Paths under _main in BANK18

    None.

Critical Paths under _main in BANK19

    None.

Critical Paths under _main in BANK20

    None.

Critical Paths under _main in BANK21

    None.

Critical Paths under _main in BANK22

    None.

Critical Paths under _main in BANK23

    None.

Critical Paths under _main in BANK24

    None.

Critical Paths under _main in BANK25

    None.

Call Graph Tables:

 ---------------------------------------------------------------------------------
 (Depth) Function   	        Calls       Base Space   Used Autos Params    Refs
 ---------------------------------------------------------------------------------
 (0) _main                                                 2     2      0      30
                                              5 COMMON     2     2      0
                            _InitPic
                          _lfsr_next
 ---------------------------------------------------------------------------------
 (1) _lfsr_next                                            5     5      0      15
                                              0 COMMON     5     5      0
 ---------------------------------------------------------------------------------
 (1) _InitPic                                              0     0      0       0
 ---------------------------------------------------------------------------------
 Estimated maximum stack depth 1
 ---------------------------------------------------------------------------------

 Call Graph Graphs:

 _main (ROOT)
   _InitPic
   _lfsr_next

 Address spaces:
Name               Size   Autos  Total    Cost      Usage
BIGRAM             7F0      0       0       0        0.0%
EEDATA             100      0       0       0        0.0%
NULL                 0      0       0       0        0.0%
CODE                 0      0       0       0        0.0%
BITCOMMON            E      0       0       1        0.0%
BITSFR0              0      0       0       1        0.0%
SFR0                 0      0       0       1        0.0%
COMMON               E      7       8       2       57.1%
BITSFR1              0      0       0       2        0.0%
SFR1                 0      0       0       2        0.0%
BITSFR2              0      0       0       3        0.0%
SFR2                 0      0       0       3        0.0%
STACK                0      0       0       3        0.0%
BITBANK0            50      0       0       4        0.0%
BITSFR3              0      0       0       4        0.0%
SFR3                 0      0       0       4        0.0%
BANK0               50      0       0       5        0.0%
BITSFR4              0      0       0       5        0.0%
SFR4                 0      0       0       5        0.0%
BITBANK1            50      0       0       6        0.0%
BITSFR5              0      0       0       6        0.0%
SFR5                 0      0       0       6        0.0%
BANK1               50      0       0       7        0.0%
BITSFR6              0      0       0       7        0.0%
SFR6                 0      0       0       7        0.0%
BITBANK2            50      0       0       8        0.0%
BITSFR7              0      0       0       8        0.0%
SFR7                 0      0       0       8        0.0%
BANK2               50      0       0       9        0.0%
BITSFR8              0      0       0       9        0.0%
SFR8                 0      0       0       9        0.0%
BITBANK3            50      0       0      10        0.0%
BITSFR9              0      0       0      10        0.0%
SFR9                 0      0       0      10        0.0%
BANK3               50      0       0      11        0.0%
BITSFR10             0      0       0      11        0.0%
SFR10                0      0       0      11        0.0%
BITBANK4            50      0       0      12        0.0%
BITSFR11             0      0       0      12        0.0%
SFR11                0      0       0      12        0.0%
BANK4               50      0       0      13        0.0%
BITSFR12             0      0       0      13        0.0%
SFR12                0      0       0      13        0.0%
BITSFR13             0      0       0      14        0.0%
SFR13                0      0       0      14        0.0%
ABS                  0      0       8      14        0.0%
BITBANK5            50      0       0      15        0.0%
BITSFR14             0      0       0      15        0.0%
SFR14                0      0       0      15        0.0%
BANK5               50      0       0      16        0.0%
BITSFR15             0      0       0      16        0.0%
SFR15                0      0       0      16        0.0%
BITBANK6            50      0       0      17        0.0%
BITSFR16             0      0       0      17        0.0%
SFR16                0      0       0      17        0.0%
BANK6               50      0       0      18        0.0%
BITSFR17             0      0       0      18        0.0%
SFR17                0      0       0      18        0.0%
BITBANK7            50      0       0      19        0.0%
BITSFR18             0      0       0      19        0.0%
SFR18                0      0       0      19        0.0%
BANK7               50      0       0      20        0.0%
BITSFR19             0      0       0      20        0.0%
SFR19                0      0       0      20        0.0%
BITBANK8            50      0       0      21        0.0%
BITSFR20             0      0       0      21        0.0%
SFR20                0      0       0      21        0.0%
BANK8               50      0       0      22        0.0%
BITSFR21             0      0       0      22        0.0%
SFR21                0      0       0      22        0.0%
BITBANK9            50      0       0      23        0.0%
BITSFR22             0      0       0      23        0.0%
SFR22                0      0       0      23        0.0%
BANK9               50      0       0      24        0.0%
BITSFR23             0      0       0      24        0.0%
SFR23                0      0       0      24        0.0%
BITBANK10           50      0       0      25        0.0%
BITSFR24             0      0       0      25        0.0%
SFR24                0      0       0      25        0.0%
BANK10              50      0       0      26        0.0%
BITSFR25             0      0       0      26        0.0%
SFR25                0      0       0      26        0.0%
BITBANK11           50      0       0      27        0.0%
BITSFR26             0      0       0      27        0.0%
SFR26                0      0       0      27        0.0%
BITSFR27             0      0       0      28        0.0%
SFR27                0      0       0      28        0.0%
DATA                 0      0       8      28        0.0%
BANK11              50      0       0      29        0.0%
BITSFR28             0      0       0      29        0.0%
SFR28                0      0       0      29        0.0%
BITBANK12           50      0       0      30        0.0%
BITSFR29             0      0       0      30        0.0%
SFR29                0      0       0      30        0.0%
BANK12              50      0       0      31        0.0%
BITSFR30             0      0       0      31        0.0%
SFR30                0      0       0      31        0.0%
BITBANK13           50      0       0      32        0.0%
BITSFR31             0      0       0      32        0.0%
SFR31                0      0       0      32        0.0%
BANK13              50      0       0      33        0.0%
BITBANK14           50      0       0      34        0.0%
BANK14              50      0       0      35        0.0%
BITBANK15           50      0       0      36        0.0%
BANK15              50      0       0      37        0.0%
BITBANK16           50      0       0      38        0.0%
BANK16              50      0       0      39        0.0%
BITBANK17           50      0       0      40        0.0%
BANK17              50      0       0      41        0.0%
BITBANK18           50      0       0      42        0.0%
BANK18              50      0       0      43        0.0%
BITBANK19           50      0       0      44        0.0%
BANK19              50      0       0      45        0.0%
BITBANK20           50      0       0      46        0.0%
BANK20              50      0       0      47        0.0%
BITBANK21           50      0       0      48        0.0%
BANK21              50      0       0      49        0.0%
BITBANK22           50      0       0      50        0.0%
BANK22              50      0       0      51        0.0%
BITBANK23           50      0       0      52        0.0%
BANK23              50      0       0      53        0.0%
BITBANK24           50      0       0      54        0.0%
BANK24              50      0       0      55        0.0%
BITBANK25           20      0       0      56        0.0%
BANK25              20      0       0      57        0.0%


Microchip Technology PIC Macro Assembler V2.46 build 20240104201356 
Symbol Table                                                                                   Thu May 15 15:43:50 2025

                     l41 07F8                       l35 07C0                       l44 07BC  
                     u15 07D8                       u25 07DE                       u35 07E4  
                     u45 07EA                       u57 07CD                      l660 07B3  
                    l652 07AC                      l662 07B5                      l654 07AF  
                    l670 07D5                      l664 07B6                      l656 07B1  
                    l672 07F6                      l680 07CA                      l666 07BA  
                    l658 07B2                      l668 07BB                      l676 07BD  
                    l678 07C4                      wreg 0009                     _LATA 010C  
                   _LATB 010D                     _LATC 010E                     _main 07BD  
                   _lfsr 0077                     btemp 007E                     start 0002  
        __end_of_InitPic 07BD                    ?_main 0070                    _TRISA 008C  
                  _TRISB 008D                    _TRISC 008E                    wtemp0 007E  
        __initialization 07F9             __end_of_main 07D5                   ??_main 0075  
                 _ANSELA 018C                   _ANSELB 018D                   _ANSELC 018E  
                 _OSCCON 0099                ??_InitPic 0070             __pdataCOMMON 0077  
__end_of__initialization 07FD           __pcstackCOMMON 0070               __pmaintext 07BD  
                _InitPic 07AC                  __ptext1 07D5                  __ptext2 07AC  
      __end_of_lfsr_next 07F9                  main@out 0076     end_of_initialization 07FD  
           lfsr_next@bit 0074            __pidataCOMMON 07AB      start_initialization 07F9  
              ___latbits 0003                 ?_InitPic 0070                _lfsr_next 07D5  
               _LATAbits 010C               ?_lfsr_next 0070              ??_lfsr_next 0070  
