Removed Pin From Net: NetName=NetK1_1 Pin=K1-1
Removed Pin From Net: NetName=-5V Pin=K1-4
Removed Pin From Net: NetName=+5V Pin=K1-8
Removed Pin From Net: NetName=NetK1_1 Pin=R2-2
Removed Pin From Net: NetName=NetK1_1 Pin=R9-1
Removed Member From Class: ClassName=carte_electronique_didactique_PittetL02_SCH Member=C7
Removed Member From Class: ClassName=carte_electronique_didactique_PittetL02_SCH Member=K3
Removed Member From Class: ClassName=carte_electronique_didactique_PittetL02_SCH Member=R7
Removed Member From Class: ClassName=carte_electronique_didactique_PittetL02_SCH Member=R11
Removed Member From Class: ClassName=carte_electronique_didactique_PittetL02_SCH Member=R16
Change Component Designator: OldDesignator=C1 NewDesignator=C?
Change Component Designator: OldDesignator=C2 NewDesignator=C?
Change Component Designator: OldDesignator=C3 NewDesignator=C?
Change Component Designator: OldDesignator=C4 NewDesignator=C?
Change Component Designator: OldDesignator=C5 NewDesignator=C?
Change Component Designator: OldDesignator=C6 NewDesignator=C?
Change Component Designator: OldDesignator=C7 NewDesignator=C1
Change Component Designator: OldDesignator=C8 NewDesignator=C?
Change Component Designator: OldDesignator=C9 NewDesignator=C?
Change Component Designator: OldDesignator=C10 NewDesignator=C?
Change Component Designator: OldDesignator=C11 NewDesignator=C?
Change Component Designator: OldDesignator=K1 NewDesignator=K?
Change Component Designator: OldDesignator=K3 NewDesignator=K1
Change Component Designator: OldDesignator=K4 NewDesignator=K?
Change Component Designator: OldDesignator=Q1 NewDesignator=Q?
Change Component Designator: OldDesignator=Q2 NewDesignator=Q?
Change Component Designator: OldDesignator=R1 NewDesignator=R?
Change Component Designator: OldDesignator=R2 NewDesignator=R?
Change Component Designator: OldDesignator=R3 NewDesignator=R?
Change Component Designator: OldDesignator=R4 NewDesignator=R1
Change Component Designator: OldDesignator=R5 NewDesignator=R?
Change Component Designator: OldDesignator=R6 NewDesignator=R?
Change Component Designator: OldDesignator=R7 NewDesignator=R3
Change Component Designator: OldDesignator=R8 NewDesignator=R?
Change Component Designator: OldDesignator=R9 NewDesignator=R?
Change Component Designator: OldDesignator=R10 NewDesignator=R?
Change Component Designator: OldDesignator=R11 NewDesignator=R2
Change Component Designator: OldDesignator=R12 NewDesignator=R?
Change Component Designator: OldDesignator=R13 NewDesignator=R?
Change Component Designator: OldDesignator=R14 NewDesignator=R?
Change Component Designator: OldDesignator=R15 NewDesignator=R?
Change Component Designator: OldDesignator=R16 NewDesignator=R4
Change Component Designator: OldDesignator=R17 NewDesignator=R?
Change Component Designator: OldDesignator=T1 NewDesignator=T?
Change Component Designator: OldDesignator=T2 NewDesignator=T?
Change Component Designator: OldDesignator=T3 NewDesignator=T?
Change Component Designator: OldDesignator=T4 NewDesignator=T?
Change Component Designator: OldDesignator=X1 NewDesignator=X?
Change Component Designator: OldDesignator=X2 NewDesignator=X?
Change Component Designator: OldDesignator=X3 NewDesignator=X?
Added Component: Designator=K?(LMC6482_SMD)
Added Component: Designator=TP1(TP10_22)
Add component (AddParameter): Name = "EMF_PN"; Value = "TP-04"; VariantName = "[No Variations]"
Add component (AddParameter): Name = "Manufacturer 1"; Value = "Keystone Electronics"; VariantName = "[No Variations]"
Add component (AddParameter): Name = "Manufacturer Part Number 1"; Value = "5000"; VariantName = "[No Variations]"
Add component (AddParameter): Name = "Type"; Value = "TP"; VariantName = "[No Variations]"
Add component (AddParameter): Name = "Value"; Value = "TP rouge"; VariantName = "[No Variations]"
Added Component: Designator=TP2(TP10_22)
Add component (AddParameter): Name = "EMF_PN"; Value = "TP-04"; VariantName = "[No Variations]"
Add component (AddParameter): Name = "Manufacturer 1"; Value = "Keystone Electronics"; VariantName = "[No Variations]"
Add component (AddParameter): Name = "Manufacturer Part Number 1"; Value = "5000"; VariantName = "[No Variations]"
Add component (AddParameter): Name = "Type"; Value = "TP"; VariantName = "[No Variations]"
Add component (AddParameter): Name = "Value"; Value = "TP rouge"; VariantName = "[No Variations]"
Added Component: Designator=TP3(TP10_22)
Add component (AddParameter): Name = "EMF_PN"; Value = "TP-04"; VariantName = "[No Variations]"
Add component (AddParameter): Name = "Manufacturer 1"; Value = "Keystone Electronics"; VariantName = "[No Variations]"
Add component (AddParameter): Name = "Manufacturer Part Number 1"; Value = "5000"; VariantName = "[No Variations]"
Add component (AddParameter): Name = "Type"; Value = "TP"; VariantName = "[No Variations]"
Add component (AddParameter): Name = "Value"; Value = "TP rouge"; VariantName = "[No Variations]"
Added Component: Designator=TP4(TP10_22)
Add component (AddParameter): Name = "EMF_PN"; Value = "TP-02"; VariantName = "[No Variations]"
Add component (AddParameter): Name = "Manufacturer 1"; Value = "Keystone Electronics"; VariantName = "[No Variations]"
Add component (AddParameter): Name = "Manufacturer Part Number 1"; Value = "5117"; VariantName = "[No Variations]"
Add component (AddParameter): Name = "Type"; Value = "TP"; VariantName = "[No Variations]"
Add component (AddParameter): Name = "Value"; Value = "TP bleu"; VariantName = "[No Variations]"
Added Component: Designator=TP5(TP10_22)
Add component (AddParameter): Name = "EMF_PN"; Value = "TP-02"; VariantName = "[No Variations]"
Add component (AddParameter): Name = "Manufacturer 1"; Value = "Keystone Electronics"; VariantName = "[No Variations]"
Add component (AddParameter): Name = "Manufacturer Part Number 1"; Value = "5117"; VariantName = "[No Variations]"
Add component (AddParameter): Name = "Type"; Value = "TP"; VariantName = "[No Variations]"
Add component (AddParameter): Name = "Value"; Value = "TP bleu"; VariantName = "[No Variations]"
Added Component: Designator=TP6(TP10_22)
Add component (AddParameter): Name = "EMF_PN"; Value = "TP-03"; VariantName = "[No Variations]"
Add component (AddParameter): Name = "Manufacturer 1"; Value = "Keystone Electronics"; VariantName = "[No Variations]"
Add component (AddParameter): Name = "Manufacturer Part Number 1"; Value = "5001"; VariantName = "[No Variations]"
Add component (AddParameter): Name = "Type"; Value = "TP"; VariantName = "[No Variations]"
Add component (AddParameter): Name = "Value"; Value = "TP noir"; VariantName = "[No Variations]"
Added Component: Designator=TP7(TP10_22)
Add component (AddParameter): Name = "EMF_PN"; Value = "TP-03"; VariantName = "[No Variations]"
Add component (AddParameter): Name = "Manufacturer 1"; Value = "Keystone Electronics"; VariantName = "[No Variations]"
Add component (AddParameter): Name = "Manufacturer Part Number 1"; Value = "5001"; VariantName = "[No Variations]"
Add component (AddParameter): Name = "Type"; Value = "TP"; VariantName = "[No Variations]"
Add component (AddParameter): Name = "Value"; Value = "TP noir"; VariantName = "[No Variations]"
Added Component: Designator=TP8(TP10_22)
Add component (AddParameter): Name = "EMF_PN"; Value = "TP-03"; VariantName = "[No Variations]"
Add component (AddParameter): Name = "Manufacturer 1"; Value = "Keystone Electronics"; VariantName = "[No Variations]"
Add component (AddParameter): Name = "Manufacturer Part Number 1"; Value = "5001"; VariantName = "[No Variations]"
Add component (AddParameter): Name = "Type"; Value = "TP"; VariantName = "[No Variations]"
Add component (AddParameter): Name = "Value"; Value = "TP noir"; VariantName = "[No Variations]"
Added Component: Designator=TP9(TP10_22)
Add component (AddParameter): Name = "EMF_PN"; Value = "TP-03"; VariantName = "[No Variations]"
Add component (AddParameter): Name = "Manufacturer 1"; Value = "Keystone Electronics"; VariantName = "[No Variations]"
Add component (AddParameter): Name = "Manufacturer Part Number 1"; Value = "5001"; VariantName = "[No Variations]"
Add component (AddParameter): Name = "Type"; Value = "TP"; VariantName = "[No Variations]"
Add component (AddParameter): Name = "Value"; Value = "TP noir"; VariantName = "[No Variations]"
Added Component: Designator=TP10(TP10_22)
Add component (AddParameter): Name = "EMF_PN"; Value = "TP-03"; VariantName = "[No Variations]"
Add component (AddParameter): Name = "Manufacturer 1"; Value = "Keystone Electronics"; VariantName = "[No Variations]"
Add component (AddParameter): Name = "Manufacturer Part Number 1"; Value = "5001"; VariantName = "[No Variations]"
Add component (AddParameter): Name = "Type"; Value = "TP"; VariantName = "[No Variations]"
Add component (AddParameter): Name = "Value"; Value = "TP noir"; VariantName = "[No Variations]"
Added Component: Designator=X1(CONN1X2M)
Add component (AddParameter): Name = "EMF_PN"; Value = "CONN_AMP-01"; VariantName = "[No Variations]"
Add component (AddParameter): Name = "Famille"; Value = "AMP"; VariantName = "[No Variations]"
Add component (AddParameter): Name = "I max (A)"; Value = "1A"; VariantName = "[No Variations]"
Add component (AddParameter): Name = "Manufacturer 1"; Value = "TE Connectivity"; VariantName = "[No Variations]"
Add component (AddParameter): Name = "Manufacturer Part Number 1"; Value = "825433-2"; VariantName = "[No Variations]"
Add component (AddParameter): Name = "Montage"; Value = "Vertical"; VariantName = "[No Variations]"
Add component (AddParameter): Name = "Nb pins"; Value = "2"; VariantName = "[No Variations]"
Add component (AddParameter): Name = "Pas (mm)"; Value = "2,54"; VariantName = "[No Variations]"
Add component (AddParameter): Name = "Type"; Value = "Std\AMP"; VariantName = "[No Variations]"
Add component (AddParameter): Name = "Value"; Value = "1x2 (M)"; VariantName = "[No Variations]"
Added Component: Designator=X?(CONN1X2M)
Add component (AddParameter): Name = "EMF_PN"; Value = "CONN_AMP-01"; VariantName = "[No Variations]"
Add component (AddParameter): Name = "Famille"; Value = "AMP"; VariantName = "[No Variations]"
Add component (AddParameter): Name = "I max (A)"; Value = "1A"; VariantName = "[No Variations]"
Add component (AddParameter): Name = "Manufacturer 1"; Value = "TE Connectivity"; VariantName = "[No Variations]"
Add component (AddParameter): Name = "Manufacturer Part Number 1"; Value = "825433-2"; VariantName = "[No Variations]"
Add component (AddParameter): Name = "Montage"; Value = "Vertical"; VariantName = "[No Variations]"
Add component (AddParameter): Name = "Nb pins"; Value = "2"; VariantName = "[No Variations]"
Add component (AddParameter): Name = "Pas (mm)"; Value = "2,54"; VariantName = "[No Variations]"
Add component (AddParameter): Name = "Type"; Value = "Std\AMP"; VariantName = "[No Variations]"
Add component (AddParameter): Name = "Value"; Value = "1x2 (M)"; VariantName = "[No Variations]"
Added Pin To Net: NetName=NetK1_1 Pin=K1-1
Added Pin To Net: NetName=-5V Pin=K?-4
Added Pin To Net: NetName=+5V Pin=K?-8
Added Pin To Net: NetName=NetK1_1 Pin=R1-2
Added Pin To Net: NetName=NetK1_1 Pin=TP4-1
Added Pin To Net: NetName=NetK1_1 Pin=TP5-1
Added Pin To Net: NetName=GND Pin=TP6-1
Added Pin To Net: NetName=GND Pin=TP7-1
Added Pin To Net: NetName=GND Pin=TP8-1
Added Pin To Net: NetName=GND Pin=TP9-1
Added Pin To Net: NetName=GND Pin=TP10-1
Added Pin To Net: NetName=NetK1_1 Pin=X?-1
Change Net Name : Old Net Name=NetC2_2 New Net Name=NetC?_1
Change Net Name : Old Net Name=NetC11_2 New Net Name=NetC?_2
Change Net Name : Old Net Name=NetK1_6 New Net Name=NetK?_6
Change Net Name : Old Net Name=NetK3_2 New Net Name=NetK1_2
Change Net Name : Old Net Name=NetK3_3 New Net Name=NetK1_3
Change Net Name : Old Net Name=NetK4_7 New Net Name=NetK?_7
Change Net Name : Old Net Name=NetQ1_1 New Net Name=NetQ?_1
Change Net Name : Old Net Name=NetQ2_1 New Net Name=NetQ?_1
Change Net Name : Old Net Name=NetR4_1 New Net Name=NetR1_1
Change Net Name : Old Net Name=NetR14_1 New Net Name=NetR?_1
Added Pin To Net: NetName=NetK?_1 Pin=K?-1
Added Pin To Net: NetName=NetK?_1 Pin=R?-1
Added Pin To Net: NetName=NetK?_1 Pin=R?-2
Added Net: Name=NetK?_1
Added Pin To Net: NetName=NetK?_2 Pin=K?-2
Added Pin To Net: NetName=NetK?_2 Pin=R?-1
Added Pin To Net: NetName=NetK?_2 Pin=R?-2
Added Net: Name=NetK?_2
Added Pin To Net: NetName=NetK?_3 Pin=K?-3
Added Pin To Net: NetName=NetK?_3 Pin=R?-2
Added Pin To Net: NetName=NetK?_3 Pin=R?-2
Added Net: Name=NetK?_3
Add Net: Net with name "NetK?_7" already exists
Added Pin To Net: NetName=NetR2_1 Pin=R2-1
Added Pin To Net: NetName=NetR2_1 Pin=TP1-1
Added Pin To Net: NetName=NetR2_1 Pin=TP2-1
Added Pin To Net: NetName=NetR2_1 Pin=TP3-1
Added Pin To Net: NetName=NetR2_1 Pin=X1-2
Added Net: Name=NetR2_1
Add Net: Net with name "NetR?_1" already exists
Added Member To Class: ClassName=carte_electronique_didactique_PittetL02_SCH Member=Component C? 100nF
Added Member To Class: ClassName=carte_electronique_didactique_PittetL02_SCH Member=Component K? LMC6482_SMD
Added Member To Class: ClassName=carte_electronique_didactique_PittetL02_SCH Member=Component K? LMC6482_SMD
Added Member To Class: ClassName=carte_electronique_didactique_PittetL02_SCH Member=Component R? 100k
Added Member To Class: ClassName=carte_electronique_didactique_PittetL02_SCH Member=Component R? 10k
Added Member To Class: ClassName=carte_electronique_didactique_PittetL02_SCH Member=Component R? Diode
Added Member To Class: ClassName=carte_electronique_didactique_PittetL02_SCH Member=Component TP1 TP rouge
Added Member To Class: ClassName=carte_electronique_didactique_PittetL02_SCH Member=Component TP2 TP rouge
Added Member To Class: ClassName=carte_electronique_didactique_PittetL02_SCH Member=Component TP3 TP rouge
Added Member To Class: ClassName=carte_electronique_didactique_PittetL02_SCH Member=Component TP4 TP bleu
Added Member To Class: ClassName=carte_electronique_didactique_PittetL02_SCH Member=Component TP5 TP bleu
Added Member To Class: ClassName=carte_electronique_didactique_PittetL02_SCH Member=Component TP6 TP noir
Added Member To Class: ClassName=carte_electronique_didactique_PittetL02_SCH Member=Component TP7 TP noir
Added Member To Class: ClassName=carte_electronique_didactique_PittetL02_SCH Member=Component TP8 TP noir
Added Member To Class: ClassName=carte_electronique_didactique_PittetL02_SCH Member=Component TP9 TP noir
Added Member To Class: ClassName=carte_electronique_didactique_PittetL02_SCH Member=Component TP10 TP noir
Added Member To Class: ClassName=carte_electronique_didactique_PittetL02_SCH Member=Component X? 1x2 (M)
Added Member To Class: ClassName=carte_electronique_didactique_PittetL02_SCH Member=Component X? Connecteur Banane GND
