Removed Pin From Net: NetName=NetQ1_1 Pin=X7-1
Removed Pin From Net: NetName=NetC8_2 Pin=X8-1
Removed Pin From Net: NetName=NetK2_7 Pin=X9-1
Removed Pin From Net: NetName=NetQ2_1 Pin=X10-1
Removed Pin From Net: NetName=NetC7_2 Pin=X11-1
Removed Member From Class: ClassName=carte_electronique_didactique_PittetL02_SCH Member=X7
Removed Member From Class: ClassName=carte_electronique_didactique_PittetL02_SCH Member=X8
Removed Member From Class: ClassName=carte_electronique_didactique_PittetL02_SCH Member=X9
Removed Member From Class: ClassName=carte_electronique_didactique_PittetL02_SCH Member=X10
Removed Member From Class: ClassName=carte_electronique_didactique_PittetL02_SCH Member=X11
Added Component: Designator=TP11(TP10_22)
Add component (AddParameter): Name = "EMF_PN"; Value = "TP-04"; VariantName = "[No Variations]"
Add component (AddParameter): Name = "Manufacturer 1"; Value = "Keystone Electronics"; VariantName = "[No Variations]"
Add component (AddParameter): Name = "Manufacturer Part Number 1"; Value = "5000"; VariantName = "[No Variations]"
Add component (AddParameter): Name = "Type"; Value = "TP"; VariantName = "[No Variations]"
Add component (AddParameter): Name = "Value"; Value = "TP rouge"; VariantName = "[No Variations]"
Added Component: Designator=TP12(TP10_22)
Add component (AddParameter): Name = "EMF_PN"; Value = "TP-04"; VariantName = "[No Variations]"
Add component (AddParameter): Name = "Manufacturer 1"; Value = "Keystone Electronics"; VariantName = "[No Variations]"
Add component (AddParameter): Name = "Manufacturer Part Number 1"; Value = "5000"; VariantName = "[No Variations]"
Add component (AddParameter): Name = "Type"; Value = "TP"; VariantName = "[No Variations]"
Add component (AddParameter): Name = "Value"; Value = "TP rouge"; VariantName = "[No Variations]"
Added Component: Designator=TP13(TP10_22)
Add component (AddParameter): Name = "EMF_PN"; Value = "TP-04"; VariantName = "[No Variations]"
Add component (AddParameter): Name = "Manufacturer 1"; Value = "Keystone Electronics"; VariantName = "[No Variations]"
Add component (AddParameter): Name = "Manufacturer Part Number 1"; Value = "5000"; VariantName = "[No Variations]"
Add component (AddParameter): Name = "Type"; Value = "TP"; VariantName = "[No Variations]"
Add component (AddParameter): Name = "Value"; Value = "TP rouge"; VariantName = "[No Variations]"
Added Component: Designator=TP14(TP10_22)
Add component (AddParameter): Name = "EMF_PN"; Value = "TP-04"; VariantName = "[No Variations]"
Add component (AddParameter): Name = "Manufacturer 1"; Value = "Keystone Electronics"; VariantName = "[No Variations]"
Add component (AddParameter): Name = "Manufacturer Part Number 1"; Value = "5000"; VariantName = "[No Variations]"
Add component (AddParameter): Name = "Type"; Value = "TP"; VariantName = "[No Variations]"
Add component (AddParameter): Name = "Value"; Value = "TP rouge"; VariantName = "[No Variations]"
Added Component: Designator=TP15(TP10_22)
Add component (AddParameter): Name = "EMF_PN"; Value = "TP-04"; VariantName = "[No Variations]"
Add component (AddParameter): Name = "Manufacturer 1"; Value = "Keystone Electronics"; VariantName = "[No Variations]"
Add component (AddParameter): Name = "Manufacturer Part Number 1"; Value = "5000"; VariantName = "[No Variations]"
Add component (AddParameter): Name = "Type"; Value = "TP"; VariantName = "[No Variations]"
Add component (AddParameter): Name = "Value"; Value = "TP rouge"; VariantName = "[No Variations]"
Added Pin To Net: NetName=NetQ1_1 Pin=TP11-1
Added Pin To Net: NetName=NetC8_2 Pin=TP12-1
Added Pin To Net: NetName=NetK2_7 Pin=TP13-1
Added Pin To Net: NetName=NetQ2_1 Pin=TP14-1
Added Pin To Net: NetName=NetC7_2 Pin=TP15-1
Added Member To Class: ClassName=carte_electronique_didactique_PittetL02_SCH Member=Component TP11 TP rouge
Added Member To Class: ClassName=carte_electronique_didactique_PittetL02_SCH Member=Component TP12 TP rouge
Added Member To Class: ClassName=carte_electronique_didactique_PittetL02_SCH Member=Component TP13 TP rouge
Added Member To Class: ClassName=carte_electronique_didactique_PittetL02_SCH Member=Component TP14 TP rouge
Added Member To Class: ClassName=carte_electronique_didactique_PittetL02_SCH Member=Component TP15 TP rouge
