Removed Pin From Net: NetName=-5V Pin=K?-4
Removed Pin From Net: NetName=+5V Pin=K?-8
Change Component Designator: OldDesignator=C? NewDesignator=C2
Change Component Designator: OldDesignator=C? NewDesignator=C3
Change Component Designator: OldDesignator=C? NewDesignator=C4
Change Component Designator: OldDesignator=C? NewDesignator=C5
Change Component Designator: OldDesignator=C? NewDesignator=C6
Change Component Designator: OldDesignator=C? NewDesignator=C7
Change Component Designator: OldDesignator=C? NewDesignator=C8
Change Component Designator: OldDesignator=C? NewDesignator=C9
Change Component Designator: OldDesignator=C? NewDesignator=C10
Change Component Designator: OldDesignator=C? NewDesignator=C11
Change Component Designator: OldDesignator=K? NewDesignator=K2
Change Component Designator: OldDesignator=K? NewDesignator=K3
Change Component Designator: OldDesignator=Q? NewDesignator=Q1
Change Component Designator: OldDesignator=Q? NewDesignator=Q2
Change Component Designator: OldDesignator=R? NewDesignator=R5
Change Component Designator: OldDesignator=R? NewDesignator=R6
Change Component Designator: OldDesignator=R? NewDesignator=R7
Change Component Designator: OldDesignator=R? NewDesignator=R8
Change Component Designator: OldDesignator=R? NewDesignator=R9
Change Component Designator: OldDesignator=R? NewDesignator=R10
Change Component Designator: OldDesignator=R? NewDesignator=R11
Change Component Designator: OldDesignator=R? NewDesignator=R12
Change Component Designator: OldDesignator=R? NewDesignator=R13
Change Component Designator: OldDesignator=R? NewDesignator=R14
Change Component Designator: OldDesignator=R? NewDesignator=R15
Change Component Designator: OldDesignator=R? NewDesignator=R16
Change Component Designator: OldDesignator=R? NewDesignator=R17
Change Component Designator: OldDesignator=T? NewDesignator=T1
Change Component Designator: OldDesignator=T? NewDesignator=T2
Change Component Designator: OldDesignator=T? NewDesignator=T3
Change Component Designator: OldDesignator=T? NewDesignator=T4
Change Component Designator: OldDesignator=X? NewDesignator=X2
Change Component Designator: OldDesignator=X? NewDesignator=X3
Change Component Designator: OldDesignator=X? NewDesignator=X4
Change Component Designator: OldDesignator=X? NewDesignator=X5
Added Pin To Net: NetName=-5V Pin=K2-4
Added Pin To Net: NetName=+5V Pin=K2-8
Change Net Name : Old Net Name=NetC?_1 New Net Name=NetC9_2
Change Net Name : Old Net Name=NetC?_2 New Net Name=NetC7_2
Change Net Name : Old Net Name=NetK?_6 New Net Name=NetK2_6
Change Net Name : Old Net Name=NetK?_7 New Net Name=NetK3_7
Change Net Name : Old Net Name=NetQ?_1 New Net Name=NetQ1_1
Change Net Name : Old Net Name=NetQ?_1 New Net Name=NetQ2_1
Change Net Name : Old Net Name=NetR?_1 New Net Name=NetR14_1
Added Pin To Net: NetName=NetK2_1 Pin=K2-1
Added Pin To Net: NetName=NetK2_1 Pin=R5-2
Added Pin To Net: NetName=NetK2_1 Pin=R10-1
Added Net: Name=NetK2_1
Added Pin To Net: NetName=NetK2_2 Pin=K2-2
Added Pin To Net: NetName=NetK2_2 Pin=R5-1
Added Pin To Net: NetName=NetK2_2 Pin=R9-2
Added Net: Name=NetK2_2
Added Pin To Net: NetName=NetK2_3 Pin=K2-3
Added Pin To Net: NetName=NetK2_3 Pin=R11-2
Added Pin To Net: NetName=NetK2_3 Pin=R13-2
Added Net: Name=NetK2_3
Added Pin To Net: NetName=NetK2_7 Pin=K2-7
Added Pin To Net: NetName=NetK2_7 Pin=R6-2
Added Pin To Net: NetName=NetK2_7 Pin=X1-1
Added Net: Name=NetK2_7
Added Pin To Net: NetName=NetR12_1 Pin=R12-1
Added Pin To Net: NetName=NetR12_1 Pin=X2-2
Added Net: Name=NetR12_1
Added Member To Class: ClassName=carte_electronique_didactique_PittetL02_SCH Member=Component C1 0.1uF
Added Member To Class: ClassName=carte_electronique_didactique_PittetL02_SCH Member=Component C2 100nF
Added Member To Class: ClassName=carte_electronique_didactique_PittetL02_SCH Member=Component C3 100nF
Added Member To Class: ClassName=carte_electronique_didactique_PittetL02_SCH Member=Component C4 100nF
Added Member To Class: ClassName=carte_electronique_didactique_PittetL02_SCH Member=Component C5 100nF
Added Member To Class: ClassName=carte_electronique_didactique_PittetL02_SCH Member=Component C6 100nF
Added Member To Class: ClassName=carte_electronique_didactique_PittetL02_SCH Member=Component C7 100nF
Added Member To Class: ClassName=carte_electronique_didactique_PittetL02_SCH Member=Component C8 100nF
Added Member To Class: ClassName=carte_electronique_didactique_PittetL02_SCH Member=Component C9 100nF
Added Member To Class: ClassName=carte_electronique_didactique_PittetL02_SCH Member=Component C11 100nF
Added Member To Class: ClassName=carte_electronique_didactique_PittetL02_SCH Member=Component K1 LMC6482_THT
Added Member To Class: ClassName=carte_electronique_didactique_PittetL02_SCH Member=Component K3 PIC16F15214-I/SN
Added Member To Class: ClassName=carte_electronique_didactique_PittetL02_SCH Member=Component Q1 SFH-3310_EN
Added Member To Class: ClassName=carte_electronique_didactique_PittetL02_SCH Member=Component R2 33K
Added Member To Class: ClassName=carte_electronique_didactique_PittetL02_SCH Member=Component R3 10K
Added Member To Class: ClassName=carte_electronique_didactique_PittetL02_SCH Member=Component R4 10K
Added Member To Class: ClassName=carte_electronique_didactique_PittetL02_SCH Member=Component R5 100k
Added Member To Class: ClassName=carte_electronique_didactique_PittetL02_SCH Member=Component R6 10k
Added Member To Class: ClassName=carte_electronique_didactique_PittetL02_SCH Member=Component R7 22k
Added Member To Class: ClassName=carte_electronique_didactique_PittetL02_SCH Member=Component R8 10k
Added Member To Class: ClassName=carte_electronique_didactique_PittetL02_SCH Member=Component R9 100k
Added Member To Class: ClassName=carte_electronique_didactique_PittetL02_SCH Member=Component R10 10k
Added Member To Class: ClassName=carte_electronique_didactique_PittetL02_SCH Member=Component R12 270E
Added Member To Class: ClassName=carte_electronique_didactique_PittetL02_SCH Member=Component R13 100k
Added Member To Class: ClassName=carte_electronique_didactique_PittetL02_SCH Member=Component R14 2M2
Added Member To Class: ClassName=carte_electronique_didactique_PittetL02_SCH Member=Component R15 10k
Added Member To Class: ClassName=carte_electronique_didactique_PittetL02_SCH Member=Component R16 10k
Added Member To Class: ClassName=carte_electronique_didactique_PittetL02_SCH Member=Component R17 Diode
Added Member To Class: ClassName=carte_electronique_didactique_PittetL02_SCH Member=Component T1 trou
Added Member To Class: ClassName=carte_electronique_didactique_PittetL02_SCH Member=Component T2 trou
Added Member To Class: ClassName=carte_electronique_didactique_PittetL02_SCH Member=Component T4 trou
Added Member To Class: ClassName=carte_electronique_didactique_PittetL02_SCH Member=Component X1 1x2 (M)
Added Member To Class: ClassName=carte_electronique_didactique_PittetL02_SCH Member=Component X2 1x2 (M)
Added Member To Class: ClassName=carte_electronique_didactique_PittetL02_SCH Member=Component X4 Connecteur Banane VCC
Added Member To Class: ClassName=carte_electronique_didactique_PittetL02_SCH Member=Component X5 Connecteur Banane VDD
